<?xml version="1.0" encoding="UTF-8"?>
<testng-results ignored="0" total="1" passed="1" failed="0" skipped="0">
  <reporter-output>
  </reporter-output>
  <suite started-at="2025-07-01T14:14:01 IST" name="Default suite" finished-at="2025-07-01T14:14:01 IST" duration-ms="65">
    <groups>
    </groups>
    <test started-at="2025-07-01T14:14:01 IST" name="Default test" finished-at="2025-07-01T14:14:01 IST" duration-ms="65">
      <class name="com.mvn2.PracTestNG">
        <test-method signature="test()[pri:0, instance:com.mvn2.PracTestNG@3bb9a3ff]" started-at="2025-07-01T14:14:01 IST" name="test" finished-at="2025-07-01T14:14:01 IST" duration-ms="16" status="PASS">
          <reporter-output>
          </reporter-output>
        </test-method> <!-- test -->
      </class> <!-- com.mvn2.PracTestNG -->
    </test> <!-- Default test -->
  </suite> <!-- Default suite -->
</testng-results>
