<?xml version="1.0" encoding="UTF-8"?>
<!-- Generated by org.testng.reporters.JUnitXMLReporter -->
<testsuite ignored="0" hostname="DESKTOP-G27F0QU" failures="0" tests="6" name="Default test" time="19.89" errors="0" timestamp="2025-07-01T15:06:49 IST">
  <testcase classname="com.assignment.Ass3" name="test" time="1.001"/>
  <testcase classname="com.assignment.Ass3" name="test" time="8.641"/>
  <testcase classname="com.assignment.Ass3" name="test" time="3.171"/>
  <testcase classname="com.assignment.Ass3" name="test" time="3.13"/>
  <testcase classname="com.assignment.Ass3" name="test" time="3.437"/>
  <testcase classname="com.assignment.Ass3" name="test" time="0.107"/>
</testsuite> <!-- Default test -->
