<?xml version="1.0" encoding="UTF-8"?>
<testng-results ignored="0" total="6" passed="6" failed="0" skipped="0">
  <reporter-output>
  </reporter-output>
  <suite started-at="2025-07-01T15:06:29 IST" name="Default suite" finished-at="2025-07-01T15:06:49 IST" duration-ms="19890">
    <groups>
    </groups>
    <test started-at="2025-07-01T15:06:29 IST" name="Default test" finished-at="2025-07-01T15:06:49 IST" duration-ms="19890">
      <class name="com.assignment.Ass3">
        <test-method signature="test(java.lang.String,java.lang.String)[pri:0, instance:com.assignment.Ass3@1bb5a082]" started-at="2025-07-01T15:06:30 IST" name="test" data-provider="kavi" finished-at="2025-07-01T15:06:31 IST" duration-ms="1001" status="PASS">
          <params>
            <param index="0">
              <value>
                <![CDATA[open browser]]>
              </value>
            </param>
            <param index="1">
              <value>
                <![CDATA[null]]>
              </value>
            </param>
          </params>
          <reporter-output>
          </reporter-output>
        </test-method> <!-- test -->
        <test-method signature="test(java.lang.String,java.lang.String)[pri:0, instance:com.assignment.Ass3@1bb5a082]" started-at="2025-07-01T15:06:31 IST" name="test" data-provider="kavi" finished-at="2025-07-01T15:06:39 IST" duration-ms="8641" status="PASS">
          <params>
            <param index="0">
              <value>
                <![CDATA[enter url]]>
              </value>
            </param>
            <param index="1">
              <value>
                <![CDATA[http://www.automationpractice.pl/index.php?controller=authentication&back=my-account]]>
              </value>
            </param>
          </params>
          <reporter-output>
          </reporter-output>
        </test-method> <!-- test -->
        <test-method signature="test(java.lang.String,java.lang.String)[pri:0, instance:com.assignment.Ass3@1bb5a082]" started-at="2025-07-01T15:06:39 IST" name="test" data-provider="kavi" finished-at="2025-07-01T15:06:42 IST" duration-ms="3171" status="PASS">
          <params>
            <param index="0">
              <value>
                <![CDATA[enter email]]>
              </value>
            </param>
            <param index="1">
              <value>
                <![CDATA[rahul.sanghavi.mca@gmail.com]]>
              </value>
            </param>
          </params>
          <reporter-output>
          </reporter-output>
        </test-method> <!-- test -->
        <test-method signature="test(java.lang.String,java.lang.String)[pri:0, instance:com.assignment.Ass3@1bb5a082]" started-at="2025-07-01T15:06:42 IST" name="test" data-provider="kavi" finished-at="2025-07-01T15:06:46 IST" duration-ms="3130" status="PASS">
          <params>
            <param index="0">
              <value>
                <![CDATA[enter password]]>
              </value>
            </param>
            <param index="1">
              <value>
                <![CDATA[rahul12345]]>
              </value>
            </param>
          </params>
          <reporter-output>
          </reporter-output>
        </test-method> <!-- test -->
        <test-method signature="test(java.lang.String,java.lang.String)[pri:0, instance:com.assignment.Ass3@1bb5a082]" started-at="2025-07-01T15:06:46 IST" name="test" data-provider="kavi" finished-at="2025-07-01T15:06:49 IST" duration-ms="3437" status="PASS">
          <params>
            <param index="0">
              <value>
                <![CDATA[click login]]>
              </value>
            </param>
            <param index="1">
              <value>
                <![CDATA[null]]>
              </value>
            </param>
          </params>
          <reporter-output>
          </reporter-output>
        </test-method> <!-- test -->
        <test-method signature="test(java.lang.String,java.lang.String)[pri:0, instance:com.assignment.Ass3@1bb5a082]" started-at="2025-07-01T15:06:49 IST" name="test" data-provider="kavi" finished-at="2025-07-01T15:06:49 IST" duration-ms="107" status="PASS">
          <params>
            <param index="0">
              <value>
                <![CDATA[close browser]]>
              </value>
            </param>
            <param index="1">
              <value>
                <![CDATA[null]]>
              </value>
            </param>
          </params>
          <reporter-output>
          </reporter-output>
        </test-method> <!-- test -->
      </class> <!-- com.assignment.Ass3 -->
    </test> <!-- Default test -->
  </suite> <!-- Default suite -->
</testng-results>
